2020-06-18T11:17:11+00:00 CRITICAL Uncaught Error: Cannot use object of type stdClass as array in /var/www/html/wp-content/plugins/woocommerce-gateway-xem/includes/class-xem-currency.php:77
Stack trace:
#0 /var/www/html/wp-content/plugins/woocommerce-gateway-xem/woocommerce-gateway-xem.php(189): Xem_Currency::get_xem_amount(0, 'USD')
#1 /var/www/html/wp-content/plugins/woocommerce-gateway-xem/woocommerce-gateway-xem.php(157): WC_Xem->change_price_to_xem('<span class="wo...', 0)
#2 /var/www/html/wp-includes/class-wp-hook.php(287): WC_Xem->xem_change_cart_subtotal_price('<span class="wo...', false, Object(WC_Cart))
#3 /var/www/html/wp-includes/plugin.php(206): WP_Hook->apply_filters('<span class="wo...', Array)
#4 /var/www/html/wp-content/plugins/woocommerce/includes/class-wc-cart.php(1812): apply_filters('woocommerce_car...', '<span class="wo...', false, Object(WC_Cart))
#5 /var/www/html/wp-content/themes/storefront/inc/woocommerce/storefront-woocommerce-template-functions.php(77): WC_Cart->get_cart_subtotal()
#6 /var/www/html/wp-content/themes in /var/www/html/wp-content/plugins/woocommerce-gateway-xem/includes/class-xem-currency.php on line 77

2020-06-18T11:17:19+00:00 CRITICAL Uncaught Error: Cannot use object of type stdClass as array in /var/www/html/wp-content/plugins/woocommerce-gateway-xem/includes/class-xem-currency.php:77
Stack trace:
#0 /var/www/html/wp-content/plugins/woocommerce-gateway-xem/woocommerce-gateway-xem.php(189): Xem_Currency::get_xem_amount(0, 'USD')
#1 /var/www/html/wp-content/plugins/woocommerce-gateway-xem/woocommerce-gateway-xem.php(157): WC_Xem->change_price_to_xem('<span class="wo...', 0)
#2 /var/www/html/wp-includes/class-wp-hook.php(287): WC_Xem->xem_change_cart_subtotal_price('<span class="wo...', false, Object(WC_Cart))
#3 /var/www/html/wp-includes/plugin.php(206): WP_Hook->apply_filters('<span class="wo...', Array)
#4 /var/www/html/wp-content/plugins/woocommerce/includes/class-wc-cart.php(1812): apply_filters('woocommerce_car...', '<span class="wo...', false, Object(WC_Cart))
#5 /var/www/html/wp-content/themes/storefront/inc/woocommerce/storefront-woocommerce-template-functions.php(77): WC_Cart->get_cart_subtotal()
#6 /var/www/html/wp-content/themes in /var/www/html/wp-content/plugins/woocommerce-gateway-xem/includes/class-xem-currency.php on line 77

2020-06-18T11:17:23+00:00 CRITICAL Uncaught Error: Cannot use object of type stdClass as array in /var/www/html/wp-content/plugins/woocommerce-gateway-xem/includes/class-xem-currency.php:77
Stack trace:
#0 /var/www/html/wp-content/plugins/woocommerce-gateway-xem/woocommerce-gateway-xem.php(189): Xem_Currency::get_xem_amount(0, 'USD')
#1 /var/www/html/wp-content/plugins/woocommerce-gateway-xem/woocommerce-gateway-xem.php(157): WC_Xem->change_price_to_xem('<span class="wo...', 0)
#2 /var/www/html/wp-includes/class-wp-hook.php(287): WC_Xem->xem_change_cart_subtotal_price('<span class="wo...', false, Object(WC_Cart))
#3 /var/www/html/wp-includes/plugin.php(206): WP_Hook->apply_filters('<span class="wo...', Array)
#4 /var/www/html/wp-content/plugins/woocommerce/includes/class-wc-cart.php(1812): apply_filters('woocommerce_car...', '<span class="wo...', false, Object(WC_Cart))
#5 /var/www/html/wp-content/themes/storefront/inc/woocommerce/storefront-woocommerce-template-functions.php(77): WC_Cart->get_cart_subtotal()
#6 /var/www/html/wp-content/themes in /var/www/html/wp-content/plugins/woocommerce-gateway-xem/includes/class-xem-currency.php on line 77

2020-06-18T11:17:26+00:00 CRITICAL Uncaught Error: Cannot use object of type stdClass as array in /var/www/html/wp-content/plugins/woocommerce-gateway-xem/includes/class-xem-currency.php:77
Stack trace:
#0 /var/www/html/wp-content/plugins/woocommerce-gateway-xem/woocommerce-gateway-xem.php(189): Xem_Currency::get_xem_amount(0, 'USD')
#1 /var/www/html/wp-content/plugins/woocommerce-gateway-xem/woocommerce-gateway-xem.php(157): WC_Xem->change_price_to_xem('<span class="wo...', 0)
#2 /var/www/html/wp-includes/class-wp-hook.php(287): WC_Xem->xem_change_cart_subtotal_price('<span class="wo...', false, Object(WC_Cart))
#3 /var/www/html/wp-includes/plugin.php(206): WP_Hook->apply_filters('<span class="wo...', Array)
#4 /var/www/html/wp-content/plugins/woocommerce/includes/class-wc-cart.php(1812): apply_filters('woocommerce_car...', '<span class="wo...', false, Object(WC_Cart))
#5 /var/www/html/wp-content/themes/storefront/inc/woocommerce/storefront-woocommerce-template-functions.php(77): WC_Cart->get_cart_subtotal()
#6 /var/www/html/wp-content/themes in /var/www/html/wp-content/plugins/woocommerce-gateway-xem/includes/class-xem-currency.php on line 77

2020-06-18T11:17:26+00:00 CRITICAL Uncaught Error: Cannot use object of type stdClass as array in /var/www/html/wp-content/plugins/woocommerce-gateway-xem/includes/class-xem-currency.php:77
Stack trace:
#0 /var/www/html/wp-content/plugins/woocommerce-gateway-xem/woocommerce-gateway-xem.php(189): Xem_Currency::get_xem_amount(0, 'USD')
#1 /var/www/html/wp-content/plugins/woocommerce-gateway-xem/woocommerce-gateway-xem.php(157): WC_Xem->change_price_to_xem('<span class="wo...', 0)
#2 /var/www/html/wp-includes/class-wp-hook.php(287): WC_Xem->xem_change_cart_subtotal_price('<span class="wo...', false, Object(WC_Cart))
#3 /var/www/html/wp-includes/plugin.php(206): WP_Hook->apply_filters('<span class="wo...', Array)
#4 /var/www/html/wp-content/plugins/woocommerce/includes/class-wc-cart.php(1812): apply_filters('woocommerce_car...', '<span class="wo...', false, Object(WC_Cart))
#5 /var/www/html/wp-content/themes/storefront/inc/woocommerce/storefront-woocommerce-template-functions.php(77): WC_Cart->get_cart_subtotal()
#6 /var/www/html/wp-content/themes in /var/www/html/wp-content/plugins/woocommerce-gateway-xem/includes/class-xem-currency.php on line 77

2020-06-18T11:17:44+00:00 CRITICAL Uncaught Error: Cannot use object of type stdClass as array in /var/www/html/wp-content/plugins/woocommerce-gateway-xem/includes/class-xem-currency.php:77
Stack trace:
#0 /var/www/html/wp-content/plugins/woocommerce-gateway-xem/woocommerce-gateway-xem.php(189): Xem_Currency::get_xem_amount('9', 'USD')
#1 /var/www/html/wp-content/plugins/woocommerce-gateway-xem/woocommerce-gateway-xem.php(162): WC_Xem->change_price_to_xem('<del><span clas...', '9')
#2 /var/www/html/wp-includes/class-wp-hook.php(287): WC_Xem->xem_change_product_price('<del><span clas...', Object(WC_Product_Simple))
#3 /var/www/html/wp-includes/plugin.php(206): WP_Hook->apply_filters('<del><span clas...', Array)
#4 /var/www/html/wp-content/plugins/woocommerce/includes/abstracts/abstract-wc-product.php(1767): apply_filters('woocommerce_get...', '<del><span clas...', Object(WC_Product_Simple))
#5 /var/www/html/wp-content/plugins/woocommerce/includes/admin/list-tables/class-wc-admin-list-table-products.php(216): WC_Product->get_price_html()
#6 /var in /var/www/html/wp-content/plugins/woocommerce-gateway-xem/includes/class-xem-currency.php on line 77

2020-06-18T11:17:54+00:00 CRITICAL Uncaught Error: Cannot use object of type stdClass as array in /var/www/html/wp-content/plugins/woocommerce-gateway-xem/includes/class-xem-currency.php:77
Stack trace:
#0 /var/www/html/wp-content/plugins/woocommerce-gateway-xem/woocommerce-gateway-xem.php(189): Xem_Currency::get_xem_amount(0, 'USD')
#1 /var/www/html/wp-content/plugins/woocommerce-gateway-xem/woocommerce-gateway-xem.php(157): WC_Xem->change_price_to_xem('<span class="wo...', 0)
#2 /var/www/html/wp-includes/class-wp-hook.php(287): WC_Xem->xem_change_cart_subtotal_price('<span class="wo...', false, Object(WC_Cart))
#3 /var/www/html/wp-includes/plugin.php(206): WP_Hook->apply_filters('<span class="wo...', Array)
#4 /var/www/html/wp-content/plugins/woocommerce/includes/class-wc-cart.php(1812): apply_filters('woocommerce_car...', '<span class="wo...', false, Object(WC_Cart))
#5 /var/www/html/wp-content/themes/storefront/inc/woocommerce/storefront-woocommerce-template-functions.php(77): WC_Cart->get_cart_subtotal()
#6 /var/www/html/wp-content/themes in /var/www/html/wp-content/plugins/woocommerce-gateway-xem/includes/class-xem-currency.php on line 77

2020-06-18T11:18:27+00:00 CRITICAL Uncaught Error: Cannot use object of type stdClass as array in /var/www/html/wp-content/plugins/woocommerce-gateway-xem/includes/class-xem-currency.php:77
Stack trace:
#0 /var/www/html/wp-content/plugins/woocommerce-gateway-xem/woocommerce-gateway-xem.php(189): Xem_Currency::get_xem_amount(0, 'USD')
#1 /var/www/html/wp-content/plugins/woocommerce-gateway-xem/woocommerce-gateway-xem.php(157): WC_Xem->change_price_to_xem('<span class="wo...', 0)
#2 /var/www/html/wp-includes/class-wp-hook.php(287): WC_Xem->xem_change_cart_subtotal_price('<span class="wo...', false, Object(WC_Cart))
#3 /var/www/html/wp-includes/plugin.php(206): WP_Hook->apply_filters('<span class="wo...', Array)
#4 /var/www/html/wp-content/plugins/woocommerce/includes/class-wc-cart.php(1812): apply_filters('woocommerce_car...', '<span class="wo...', false, Object(WC_Cart))
#5 /var/www/html/wp-content/themes/storefront/inc/woocommerce/storefront-woocommerce-template-functions.php(77): WC_Cart->get_cart_subtotal()
#6 /var/www/html/wp-content/themes in /var/www/html/wp-content/plugins/woocommerce-gateway-xem/includes/class-xem-currency.php on line 77

2020-06-18T11:18:46+00:00 CRITICAL Uncaught Error: Cannot use object of type stdClass as array in /var/www/html/wp-content/plugins/woocommerce-gateway-xem/includes/class-xem-currency.php:77
Stack trace:
#0 /var/www/html/wp-content/plugins/woocommerce-gateway-xem/woocommerce-gateway-xem.php(189): Xem_Currency::get_xem_amount(0, 'USD')
#1 /var/www/html/wp-content/plugins/woocommerce-gateway-xem/woocommerce-gateway-xem.php(157): WC_Xem->change_price_to_xem('<span class="wo...', 0)
#2 /var/www/html/wp-includes/class-wp-hook.php(287): WC_Xem->xem_change_cart_subtotal_price('<span class="wo...', false, Object(WC_Cart))
#3 /var/www/html/wp-includes/plugin.php(206): WP_Hook->apply_filters('<span class="wo...', Array)
#4 /var/www/html/wp-content/plugins/woocommerce/includes/class-wc-cart.php(1812): apply_filters('woocommerce_car...', '<span class="wo...', false, Object(WC_Cart))
#5 /var/www/html/wp-content/themes/storefront/inc/woocommerce/storefront-woocommerce-template-functions.php(77): WC_Cart->get_cart_subtotal()
#6 /var/www/html/wp-content/themes in /var/www/html/wp-content/plugins/woocommerce-gateway-xem/includes/class-xem-currency.php on line 77

2020-06-18T11:18:46+00:00 CRITICAL Uncaught Error: Cannot use object of type stdClass as array in /var/www/html/wp-content/plugins/woocommerce-gateway-xem/includes/class-xem-currency.php:77
Stack trace:
#0 /var/www/html/wp-content/plugins/woocommerce-gateway-xem/woocommerce-gateway-xem.php(189): Xem_Currency::get_xem_amount(0, 'USD')
#1 /var/www/html/wp-content/plugins/woocommerce-gateway-xem/woocommerce-gateway-xem.php(157): WC_Xem->change_price_to_xem('<span class="wo...', 0)
#2 /var/www/html/wp-includes/class-wp-hook.php(287): WC_Xem->xem_change_cart_subtotal_price('<span class="wo...', false, Object(WC_Cart))
#3 /var/www/html/wp-includes/plugin.php(206): WP_Hook->apply_filters('<span class="wo...', Array)
#4 /var/www/html/wp-content/plugins/woocommerce/includes/class-wc-cart.php(1812): apply_filters('woocommerce_car...', '<span class="wo...', false, Object(WC_Cart))
#5 /var/www/html/wp-content/themes/storefront/inc/woocommerce/storefront-woocommerce-template-functions.php(77): WC_Cart->get_cart_subtotal()
#6 /var/www/html/wp-content/themes in /var/www/html/wp-content/plugins/woocommerce-gateway-xem/includes/class-xem-currency.php on line 77

2020-06-18T11:18:48+00:00 CRITICAL Uncaught Error: Cannot use object of type stdClass as array in /var/www/html/wp-content/plugins/woocommerce-gateway-xem/includes/class-xem-currency.php:77
Stack trace:
#0 /var/www/html/wp-content/plugins/woocommerce-gateway-xem/woocommerce-gateway-xem.php(189): Xem_Currency::get_xem_amount(0, 'USD')
#1 /var/www/html/wp-content/plugins/woocommerce-gateway-xem/woocommerce-gateway-xem.php(157): WC_Xem->change_price_to_xem('<span class="wo...', 0)
#2 /var/www/html/wp-includes/class-wp-hook.php(287): WC_Xem->xem_change_cart_subtotal_price('<span class="wo...', false, Object(WC_Cart))
#3 /var/www/html/wp-includes/plugin.php(206): WP_Hook->apply_filters('<span class="wo...', Array)
#4 /var/www/html/wp-content/plugins/woocommerce/includes/class-wc-cart.php(1812): apply_filters('woocommerce_car...', '<span class="wo...', false, Object(WC_Cart))
#5 /var/www/html/wp-content/themes/storefront/inc/woocommerce/storefront-woocommerce-template-functions.php(77): WC_Cart->get_cart_subtotal()
#6 /var/www/html/wp-content/themes in /var/www/html/wp-content/plugins/woocommerce-gateway-xem/includes/class-xem-currency.php on line 77

2020-06-18T11:18:58+00:00 CRITICAL Uncaught Error: Cannot use object of type stdClass as array in /var/www/html/wp-content/plugins/woocommerce-gateway-xem/includes/class-xem-currency.php:77
Stack trace:
#0 /var/www/html/wp-content/plugins/woocommerce-gateway-xem/woocommerce-gateway-xem.php(189): Xem_Currency::get_xem_amount('9', 'USD')
#1 /var/www/html/wp-content/plugins/woocommerce-gateway-xem/woocommerce-gateway-xem.php(162): WC_Xem->change_price_to_xem('<del><span clas...', '9')
#2 /var/www/html/wp-includes/class-wp-hook.php(287): WC_Xem->xem_change_product_price('<del><span clas...', Object(WC_Product_Simple))
#3 /var/www/html/wp-includes/plugin.php(206): WP_Hook->apply_filters('<del><span clas...', Array)
#4 /var/www/html/wp-content/plugins/woocommerce/includes/abstracts/abstract-wc-product.php(1767): apply_filters('woocommerce_get...', '<del><span clas...', Object(WC_Product_Simple))
#5 /var/www/html/wp-content/plugins/woocommerce/includes/admin/list-tables/class-wc-admin-list-table-products.php(216): WC_Product->get_price_html()
#6 /var in /var/www/html/wp-content/plugins/woocommerce-gateway-xem/includes/class-xem-currency.php on line 77

2020-06-18T11:20:48+00:00 CRITICAL Uncaught Error: Cannot use object of type stdClass as array in /var/www/html/wp-content/plugins/woocommerce-gateway-xem/includes/class-xem-currency.php:77
Stack trace:
#0 /var/www/html/wp-content/plugins/woocommerce-gateway-xem/woocommerce-gateway-xem.php(189): Xem_Currency::get_xem_amount(0, 'USD')
#1 /var/www/html/wp-content/plugins/woocommerce-gateway-xem/woocommerce-gateway-xem.php(157): WC_Xem->change_price_to_xem('<span class="wo...', 0)
#2 /var/www/html/wp-includes/class-wp-hook.php(287): WC_Xem->xem_change_cart_subtotal_price('<span class="wo...', false, Object(WC_Cart))
#3 /var/www/html/wp-includes/plugin.php(206): WP_Hook->apply_filters('<span class="wo...', Array)
#4 /var/www/html/wp-content/plugins/woocommerce/includes/class-wc-cart.php(1812): apply_filters('woocommerce_car...', '<span class="wo...', false, Object(WC_Cart))
#5 /var/www/html/wp-content/themes/storefront/inc/woocommerce/storefront-woocommerce-template-functions.php(77): WC_Cart->get_cart_subtotal()
#6 /var/www/html/wp-content/themes in /var/www/html/wp-content/plugins/woocommerce-gateway-xem/includes/class-xem-currency.php on line 77

2020-06-18T11:20:52+00:00 CRITICAL Uncaught Error: Cannot use object of type stdClass as array in /var/www/html/wp-content/plugins/woocommerce-gateway-xem/includes/class-xem-currency.php:77
Stack trace:
#0 /var/www/html/wp-content/plugins/woocommerce-gateway-xem/woocommerce-gateway-xem.php(189): Xem_Currency::get_xem_amount(0, 'USD')
#1 /var/www/html/wp-content/plugins/woocommerce-gateway-xem/woocommerce-gateway-xem.php(157): WC_Xem->change_price_to_xem('<span class="wo...', 0)
#2 /var/www/html/wp-includes/class-wp-hook.php(287): WC_Xem->xem_change_cart_subtotal_price('<span class="wo...', false, Object(WC_Cart))
#3 /var/www/html/wp-includes/plugin.php(206): WP_Hook->apply_filters('<span class="wo...', Array)
#4 /var/www/html/wp-content/plugins/woocommerce/includes/class-wc-cart.php(1812): apply_filters('woocommerce_car...', '<span class="wo...', false, Object(WC_Cart))
#5 /var/www/html/wp-content/themes/storefront/inc/woocommerce/storefront-woocommerce-template-functions.php(77): WC_Cart->get_cart_subtotal()
#6 /var/www/html/wp-content/themes in /var/www/html/wp-content/plugins/woocommerce-gateway-xem/includes/class-xem-currency.php on line 77

2020-06-18T11:20:56+00:00 CRITICAL Uncaught Error: Cannot use object of type stdClass as array in /var/www/html/wp-content/plugins/woocommerce-gateway-xem/includes/class-xem-currency.php:77
Stack trace:
#0 /var/www/html/wp-content/plugins/woocommerce-gateway-xem/woocommerce-gateway-xem.php(189): Xem_Currency::get_xem_amount(0, 'USD')
#1 /var/www/html/wp-content/plugins/woocommerce-gateway-xem/woocommerce-gateway-xem.php(157): WC_Xem->change_price_to_xem('<span class="wo...', 0)
#2 /var/www/html/wp-includes/class-wp-hook.php(287): WC_Xem->xem_change_cart_subtotal_price('<span class="wo...', false, Object(WC_Cart))
#3 /var/www/html/wp-includes/plugin.php(206): WP_Hook->apply_filters('<span class="wo...', Array)
#4 /var/www/html/wp-content/plugins/woocommerce/includes/class-wc-cart.php(1812): apply_filters('woocommerce_car...', '<span class="wo...', false, Object(WC_Cart))
#5 /var/www/html/wp-content/themes/storefront/inc/woocommerce/storefront-woocommerce-template-functions.php(77): WC_Cart->get_cart_subtotal()
#6 /var/www/html/wp-content/themes in /var/www/html/wp-content/plugins/woocommerce-gateway-xem/includes/class-xem-currency.php on line 77

2020-06-18T11:21:03+00:00 CRITICAL Uncaught Error: Cannot use object of type stdClass as array in /var/www/html/wp-content/plugins/woocommerce-gateway-xem/includes/class-xem-currency.php:77
Stack trace:
#0 /var/www/html/wp-content/plugins/woocommerce-gateway-xem/woocommerce-gateway-xem.php(189): Xem_Currency::get_xem_amount('9', 'USD')
#1 /var/www/html/wp-content/plugins/woocommerce-gateway-xem/woocommerce-gateway-xem.php(162): WC_Xem->change_price_to_xem('<del><span clas...', '9')
#2 /var/www/html/wp-includes/class-wp-hook.php(287): WC_Xem->xem_change_product_price('<del><span clas...', Object(WC_Product_Simple))
#3 /var/www/html/wp-includes/plugin.php(206): WP_Hook->apply_filters('<del><span clas...', Array)
#4 /var/www/html/wp-content/plugins/woocommerce/includes/abstracts/abstract-wc-product.php(1767): apply_filters('woocommerce_get...', '<del><span clas...', Object(WC_Product_Simple))
#5 /var/www/html/wp-content/plugins/woocommerce/includes/admin/list-tables/class-wc-admin-list-table-products.php(216): WC_Product->get_price_html()
#6 /var in /var/www/html/wp-content/plugins/woocommerce-gateway-xem/includes/class-xem-currency.php on line 77

2020-06-18T11:21:24+00:00 CRITICAL Uncaught Error: Cannot use object of type stdClass as array in /var/www/html/wp-content/plugins/woocommerce-gateway-xem/includes/class-xem-currency.php:77
Stack trace:
#0 /var/www/html/wp-content/plugins/woocommerce-gateway-xem/woocommerce-gateway-xem.php(189): Xem_Currency::get_xem_amount('9', 'USD')
#1 /var/www/html/wp-content/plugins/woocommerce-gateway-xem/woocommerce-gateway-xem.php(162): WC_Xem->change_price_to_xem('<del><span clas...', '9')
#2 /var/www/html/wp-includes/class-wp-hook.php(287): WC_Xem->xem_change_product_price('<del><span clas...', Object(WC_Product_Simple))
#3 /var/www/html/wp-includes/plugin.php(206): WP_Hook->apply_filters('<del><span clas...', Array)
#4 /var/www/html/wp-content/plugins/woocommerce/includes/abstracts/abstract-wc-product.php(1767): apply_filters('woocommerce_get...', '<del><span clas...', Object(WC_Product_Simple))
#5 /var/www/html/wp-content/plugins/woocommerce/includes/admin/list-tables/class-wc-admin-list-table-products.php(216): WC_Product->get_price_html()
#6 /var in /var/www/html/wp-content/plugins/woocommerce-gateway-xem/includes/class-xem-currency.php on line 77

2020-06-18T11:22:53+00:00 CRITICAL Uncaught Error: Cannot use object of type stdClass as array in /var/www/html/wp-content/plugins/woocommerce-gateway-xem/includes/class-xem-currency.php:77
Stack trace:
#0 /var/www/html/wp-content/plugins/woocommerce-gateway-xem/woocommerce-gateway-xem.php(189): Xem_Currency::get_xem_amount(9, 'USD')
#1 /var/www/html/wp-content/plugins/woocommerce-gateway-xem/woocommerce-gateway-xem.php(157): WC_Xem->change_price_to_xem('<span class="wo...', 9)
#2 /var/www/html/wp-includes/class-wp-hook.php(287): WC_Xem->xem_change_cart_subtotal_price('<span class="wo...', false, Object(WC_Cart))
#3 /var/www/html/wp-includes/plugin.php(206): WP_Hook->apply_filters('<span class="wo...', Array)
#4 /var/www/html/wp-content/plugins/woocommerce/includes/class-wc-cart.php(1812): apply_filters('woocommerce_car...', '<span class="wo...', false, Object(WC_Cart))
#5 /var/www/html/wp-content/themes/storefront/inc/woocommerce/storefront-woocommerce-template-functions.php(77): WC_Cart->get_cart_subtotal()
#6 /var/www/html/wp-content/themes in /var/www/html/wp-content/plugins/woocommerce-gateway-xem/includes/class-xem-currency.php on line 77

2020-06-18T11:24:10+00:00 CRITICAL Uncaught Error: Cannot use object of type stdClass as array in /var/www/html/wp-content/plugins/woocommerce-gateway-xem/includes/class-xem-currency.php:77
Stack trace:
#0 /var/www/html/wp-content/plugins/woocommerce-gateway-xem/woocommerce-gateway-xem.php(182): Xem_Currency::get_xem_amount(9, 'USD')
#1 /var/www/html/wp-content/plugins/woocommerce-gateway-xem/woocommerce-gateway-xem.php(157): WC_Xem->change_price_to_xem('<span class="wo...', 9)
#2 /var/www/html/wp-includes/class-wp-hook.php(287): WC_Xem->xem_change_cart_subtotal_price('<span class="wo...', false, Object(WC_Cart))
#3 /var/www/html/wp-includes/plugin.php(206): WP_Hook->apply_filters('<span class="wo...', Array)
#4 /var/www/html/wp-content/plugins/woocommerce/includes/class-wc-cart.php(1812): apply_filters('woocommerce_car...', '<span class="wo...', false, Object(WC_Cart))
#5 /var/www/html/wp-content/themes/storefront/inc/woocommerce/storefront-woocommerce-template-functions.php(77): WC_Cart->get_cart_subtotal()
#6 /var/www/html/wp-content/themes in /var/www/html/wp-content/plugins/woocommerce-gateway-xem/includes/class-xem-currency.php on line 77

2020-06-18T11:24:44+00:00 CRITICAL Uncaught Error: Cannot use object of type stdClass as array in /var/www/html/wp-content/plugins/woocommerce-gateway-xem/includes/class-xem-currency.php:77
Stack trace:
#0 /var/www/html/wp-content/plugins/woocommerce-gateway-xem/woocommerce-gateway-xem.php(182): Xem_Currency::get_xem_amount('9', 'USD')
#1 /var/www/html/wp-content/plugins/woocommerce-gateway-xem/woocommerce-gateway-xem.php(162): WC_Xem->change_price_to_xem('<del><span clas...', '9')
#2 /var/www/html/wp-includes/class-wp-hook.php(287): WC_Xem->xem_change_product_price('<del><span clas...', Object(WC_Product_Simple))
#3 /var/www/html/wp-includes/plugin.php(206): WP_Hook->apply_filters('<del><span clas...', Array)
#4 /var/www/html/wp-content/plugins/woocommerce/includes/abstracts/abstract-wc-product.php(1767): apply_filters('woocommerce_get...', '<del><span clas...', Object(WC_Product_Simple))
#5 /var/www/html/wp-content/plugins/woocommerce/includes/admin/list-tables/class-wc-admin-list-table-products.php(216): WC_Product->get_price_html()
#6 /var in /var/www/html/wp-content/plugins/woocommerce-gateway-xem/includes/class-xem-currency.php on line 77

2020-06-18T11:25:02+00:00 CRITICAL Uncaught Error: Cannot use object of type stdClass as array in /var/www/html/wp-content/plugins/woocommerce-gateway-xem/includes/class-xem-currency.php:77
Stack trace:
#0 /var/www/html/wp-content/plugins/woocommerce-gateway-xem/woocommerce-gateway-xem.php(182): Xem_Currency::get_xem_amount(9, 'USD')
#1 /var/www/html/wp-content/plugins/woocommerce-gateway-xem/woocommerce-gateway-xem.php(157): WC_Xem->change_price_to_xem('<span class="wo...', 9)
#2 /var/www/html/wp-includes/class-wp-hook.php(287): WC_Xem->xem_change_cart_subtotal_price('<span class="wo...', false, Object(WC_Cart))
#3 /var/www/html/wp-includes/plugin.php(206): WP_Hook->apply_filters('<span class="wo...', Array)
#4 /var/www/html/wp-content/plugins/woocommerce/includes/class-wc-cart.php(1812): apply_filters('woocommerce_car...', '<span class="wo...', false, Object(WC_Cart))
#5 /var/www/html/wp-content/themes/storefront/inc/woocommerce/storefront-woocommerce-template-functions.php(77): WC_Cart->get_cart_subtotal()
#6 /var/www/html/wp-content/themes in /var/www/html/wp-content/plugins/woocommerce-gateway-xem/includes/class-xem-currency.php on line 77

2020-06-18T11:27:55+00:00 CRITICAL Uncaught Error: Cannot use object of type stdClass as array in /var/www/html/wp-content/plugins/woocommerce-gateway-xem/includes/class-xem-currency.php:78
Stack trace:
#0 /var/www/html/wp-content/plugins/woocommerce-gateway-xem/woocommerce-gateway-xem.php(182): Xem_Currency::get_xem_amount(9, 'USD')
#1 /var/www/html/wp-content/plugins/woocommerce-gateway-xem/woocommerce-gateway-xem.php(157): WC_Xem->change_price_to_xem('<span class="wo...', 9)
#2 /var/www/html/wp-includes/class-wp-hook.php(287): WC_Xem->xem_change_cart_subtotal_price('<span class="wo...', false, Object(WC_Cart))
#3 /var/www/html/wp-includes/plugin.php(206): WP_Hook->apply_filters('<span class="wo...', Array)
#4 /var/www/html/wp-content/plugins/woocommerce/includes/class-wc-cart.php(1812): apply_filters('woocommerce_car...', '<span class="wo...', false, Object(WC_Cart))
#5 /var/www/html/wp-content/themes/storefront/inc/woocommerce/storefront-woocommerce-template-functions.php(77): WC_Cart->get_cart_subtotal()
#6 /var/www/html/wp-content/themes in /var/www/html/wp-content/plugins/woocommerce-gateway-xem/includes/class-xem-currency.php on line 78

2020-06-18T11:28:05+00:00 CRITICAL Uncaught Error: Cannot use object of type stdClass as array in /var/www/html/wp-content/plugins/woocommerce-gateway-xem/includes/class-xem-currency.php:78
Stack trace:
#0 /var/www/html/wp-content/plugins/woocommerce-gateway-xem/woocommerce-gateway-xem.php(182): Xem_Currency::get_xem_amount(9, 'USD')
#1 /var/www/html/wp-content/plugins/woocommerce-gateway-xem/woocommerce-gateway-xem.php(157): WC_Xem->change_price_to_xem('<span class="wo...', 9)
#2 /var/www/html/wp-includes/class-wp-hook.php(287): WC_Xem->xem_change_cart_subtotal_price('<span class="wo...', false, Object(WC_Cart))
#3 /var/www/html/wp-includes/plugin.php(206): WP_Hook->apply_filters('<span class="wo...', Array)
#4 /var/www/html/wp-content/plugins/woocommerce/includes/class-wc-cart.php(1812): apply_filters('woocommerce_car...', '<span class="wo...', false, Object(WC_Cart))
#5 /var/www/html/wp-content/themes/storefront/inc/woocommerce/storefront-woocommerce-template-functions.php(77): WC_Cart->get_cart_subtotal()
#6 /var/www/html/wp-content/themes in /var/www/html/wp-content/plugins/woocommerce-gateway-xem/includes/class-xem-currency.php on line 78

2020-06-18T11:38:25+00:00 CRITICAL Uncaught Error: Cannot use object of type stdClass as array in /var/www/html/wp-content/plugins/woocommerce-gateway-xem/includes/class-xem-currency.php:77
Stack trace:
#0 /var/www/html/wp-content/plugins/woocommerce-gateway-xem/woocommerce-gateway-xem.php(182): Xem_Currency::get_xem_amount(9, 'USD')
#1 /var/www/html/wp-content/plugins/woocommerce-gateway-xem/woocommerce-gateway-xem.php(157): WC_Xem->change_price_to_xem('<span class="wo...', 9)
#2 /var/www/html/wp-includes/class-wp-hook.php(287): WC_Xem->xem_change_cart_subtotal_price('<span class="wo...', false, Object(WC_Cart))
#3 /var/www/html/wp-includes/plugin.php(206): WP_Hook->apply_filters('<span class="wo...', Array)
#4 /var/www/html/wp-content/plugins/woocommerce/includes/class-wc-cart.php(1812): apply_filters('woocommerce_car...', '<span class="wo...', false, Object(WC_Cart))
#5 /var/www/html/wp-content/themes/storefront/inc/woocommerce/storefront-woocommerce-template-functions.php(77): WC_Cart->get_cart_subtotal()
#6 /var/www/html/wp-content/themes in /var/www/html/wp-content/plugins/woocommerce-gateway-xem/includes/class-xem-currency.php on line 77

2020-06-18T11:38:54+00:00 CRITICAL Uncaught Error: Cannot use object of type stdClass as array in /var/www/html/wp-content/plugins/woocommerce-gateway-xem/includes/class-xem-currency.php:78
Stack trace:
#0 /var/www/html/wp-content/plugins/woocommerce-gateway-xem/woocommerce-gateway-xem.php(182): Xem_Currency::get_xem_amount(9, 'USD')
#1 /var/www/html/wp-content/plugins/woocommerce-gateway-xem/woocommerce-gateway-xem.php(157): WC_Xem->change_price_to_xem('<span class="wo...', 9)
#2 /var/www/html/wp-includes/class-wp-hook.php(287): WC_Xem->xem_change_cart_subtotal_price('<span class="wo...', false, Object(WC_Cart))
#3 /var/www/html/wp-includes/plugin.php(206): WP_Hook->apply_filters('<span class="wo...', Array)
#4 /var/www/html/wp-content/plugins/woocommerce/includes/class-wc-cart.php(1812): apply_filters('woocommerce_car...', '<span class="wo...', false, Object(WC_Cart))
#5 /var/www/html/wp-content/themes/storefront/inc/woocommerce/storefront-woocommerce-template-functions.php(77): WC_Cart->get_cart_subtotal()
#6 /var/www/html/wp-content/themes in /var/www/html/wp-content/plugins/woocommerce-gateway-xem/includes/class-xem-currency.php on line 78

2020-06-18T11:39:39+00:00 CRITICAL Uncaught Error: Cannot use object of type stdClass as array in /var/www/html/wp-content/plugins/woocommerce-gateway-xem/includes/class-xem-currency.php:78
Stack trace:
#0 /var/www/html/wp-content/plugins/woocommerce-gateway-xem/woocommerce-gateway-xem.php(182): Xem_Currency::get_xem_amount(9, 'USD')
#1 /var/www/html/wp-content/plugins/woocommerce-gateway-xem/woocommerce-gateway-xem.php(157): WC_Xem->change_price_to_xem('<span class="wo...', 9)
#2 /var/www/html/wp-includes/class-wp-hook.php(287): WC_Xem->xem_change_cart_subtotal_price('<span class="wo...', false, Object(WC_Cart))
#3 /var/www/html/wp-includes/plugin.php(206): WP_Hook->apply_filters('<span class="wo...', Array)
#4 /var/www/html/wp-content/plugins/woocommerce/includes/class-wc-cart.php(1812): apply_filters('woocommerce_car...', '<span class="wo...', false, Object(WC_Cart))
#5 /var/www/html/wp-content/themes/storefront/inc/woocommerce/storefront-woocommerce-template-functions.php(77): WC_Cart->get_cart_subtotal()
#6 /var/www/html/wp-content/themes in /var/www/html/wp-content/plugins/woocommerce-gateway-xem/includes/class-xem-currency.php on line 78

2020-06-18T11:44:45+00:00 CRITICAL Uncaught Error: Cannot use object of type stdClass as array in /var/www/html/wp-content/plugins/woocommerce-gateway-xem/includes/class-xem-currency.php:78
Stack trace:
#0 /var/www/html/wp-content/plugins/woocommerce-gateway-xem/woocommerce-gateway-xem.php(182): Xem_Currency::get_xem_amount(9, 'USD')
#1 /var/www/html/wp-content/plugins/woocommerce-gateway-xem/woocommerce-gateway-xem.php(157): WC_Xem->change_price_to_xem('<span class="wo...', 9)
#2 /var/www/html/wp-includes/class-wp-hook.php(287): WC_Xem->xem_change_cart_subtotal_price('<span class="wo...', false, Object(WC_Cart))
#3 /var/www/html/wp-includes/plugin.php(206): WP_Hook->apply_filters('<span class="wo...', Array)
#4 /var/www/html/wp-content/plugins/woocommerce/includes/class-wc-cart.php(1812): apply_filters('woocommerce_car...', '<span class="wo...', false, Object(WC_Cart))
#5 /var/www/html/wp-content/themes/storefront/inc/woocommerce/storefront-woocommerce-template-functions.php(77): WC_Cart->get_cart_subtotal()
#6 /var/www/html/wp-content/themes in /var/www/html/wp-content/plugins/woocommerce-gateway-xem/includes/class-xem-currency.php on line 78

2020-06-18T11:45:03+00:00 CRITICAL Uncaught Error: Cannot use object of type stdClass as array in /var/www/html/wp-content/plugins/woocommerce-gateway-xem/includes/class-xem-currency.php:78
Stack trace:
#0 /var/www/html/wp-content/plugins/woocommerce-gateway-xem/woocommerce-gateway-xem.php(182): Xem_Currency::get_xem_amount(9, 'USD')
#1 /var/www/html/wp-content/plugins/woocommerce-gateway-xem/woocommerce-gateway-xem.php(157): WC_Xem->change_price_to_xem('<span class="wo...', 9)
#2 /var/www/html/wp-includes/class-wp-hook.php(287): WC_Xem->xem_change_cart_subtotal_price('<span class="wo...', false, Object(WC_Cart))
#3 /var/www/html/wp-includes/plugin.php(206): WP_Hook->apply_filters('<span class="wo...', Array)
#4 /var/www/html/wp-content/plugins/woocommerce/includes/class-wc-cart.php(1812): apply_filters('woocommerce_car...', '<span class="wo...', false, Object(WC_Cart))
#5 /var/www/html/wp-content/themes/storefront/inc/woocommerce/storefront-woocommerce-template-functions.php(77): WC_Cart->get_cart_subtotal()
#6 /var/www/html/wp-content/themes in /var/www/html/wp-content/plugins/woocommerce-gateway-xem/includes/class-xem-currency.php on line 78

2020-06-18T11:45:07+00:00 CRITICAL Uncaught Error: Cannot use object of type stdClass as array in /var/www/html/wp-content/plugins/woocommerce-gateway-xem/includes/class-xem-currency.php:78
Stack trace:
#0 /var/www/html/wp-content/plugins/woocommerce-gateway-xem/woocommerce-gateway-xem.php(182): Xem_Currency::get_xem_amount(9, 'USD')
#1 /var/www/html/wp-content/plugins/woocommerce-gateway-xem/woocommerce-gateway-xem.php(157): WC_Xem->change_price_to_xem('<span class="wo...', 9)
#2 /var/www/html/wp-includes/class-wp-hook.php(287): WC_Xem->xem_change_cart_subtotal_price('<span class="wo...', false, Object(WC_Cart))
#3 /var/www/html/wp-includes/plugin.php(206): WP_Hook->apply_filters('<span class="wo...', Array)
#4 /var/www/html/wp-content/plugins/woocommerce/includes/class-wc-cart.php(1812): apply_filters('woocommerce_car...', '<span class="wo...', false, Object(WC_Cart))
#5 /var/www/html/wp-content/themes/storefront/inc/woocommerce/storefront-woocommerce-template-functions.php(77): WC_Cart->get_cart_subtotal()
#6 /var/www/html/wp-content/themes in /var/www/html/wp-content/plugins/woocommerce-gateway-xem/includes/class-xem-currency.php on line 78

